app/build/intermediates/manifest_merge_blame_file/debug/manifest-merger-blame-debug-report.txt
1<?xml version="1.0" encoding="utf-8"?>
2<manifest xmlns:android="http://schemas.android.com/apk/res/android"
3    package="org.newlogic.smartscanner"
4    android:versionCode="1"
5    android:versionName="1.0.3" >
6
7    <uses-sdk
8        android:minSdkVersion="21"
8-->src/main/AndroidManifest.xml
9        android:targetSdkVersion="32" />
9-->src/main/AndroidManifest.xml
10
11    <uses-feature android:name="android.hardware.camera.any" />
11-->src/main/AndroidManifest.xml:7:5-64
11-->src/main/AndroidManifest.xml:7:19-61
12
13    <uses-permission android:name="android.permission.CAMERA" />
13-->src/main/AndroidManifest.xml:8:5-65
13-->src/main/AndroidManifest.xml:8:22-62
14    <uses-permission android:name="android.permission.INTERNET" />
14-->src/main/AndroidManifest.xml:9:5-67
14-->src/main/AndroidManifest.xml:9:22-64
15    <uses-permission android:name="android.permission.ACCESS_NETWORK_STATE" />
15-->src/main/AndroidManifest.xml:10:5-79
15-->src/main/AndroidManifest.xml:10:22-76
16
17    <uses-feature
17-->src/main/AndroidManifest.xml:11:5-13:35
18        android:name="android.hardware.camera"
18-->src/main/AndroidManifest.xml:12:9-47
19        android:required="true" />
19-->src/main/AndroidManifest.xml:13:9-32
20    <uses-feature
20-->src/main/AndroidManifest.xml:14:5-16:36
21        android:name="android.hardware.camera.autofocus"
21-->src/main/AndroidManifest.xml:15:9-57
22        android:required="false" />
22-->src/main/AndroidManifest.xml:16:9-33
23
24    <uses-permission android:name="android.permission.NFC" />
24-->[:core-lib] AndroidManifest.xml:15:5-62
24-->[:core-lib] AndroidManifest.xml:15:22-59
25
26    <uses-feature
26-->[:core-lib] AndroidManifest.xml:17:5-19:36
27        android:name="android.hardware.nfc"
27-->[:core-lib] AndroidManifest.xml:18:9-44
28        android:required="false" />
28-->[:core-lib] AndroidManifest.xml:19:9-33
29
30    <uses-permission android:name="android.permission.WAKE_LOCK" />
30-->[com.google.android.gms:play-services-measurement-api:18.0.1] AndroidManifest.xml:24:5-68
30-->[com.google.android.gms:play-services-measurement-api:18.0.1] AndroidManifest.xml:24:22-65
31    <uses-permission android:name="com.google.android.finsky.permission.BIND_GET_INSTALL_REFERRER_SERVICE" />
31-->[com.google.android.gms:play-services-measurement:18.0.1] AndroidManifest.xml:26:5-110
31-->[com.google.android.gms:play-services-measurement:18.0.1] AndroidManifest.xml:26:22-107
32    <uses-permission android:name="android.permission.WRITE_EXTERNAL_STORAGE" />
32-->[cz.adaptech.android:tesseract4android:2.1.0] AndroidManifest.xml:11:5-81
32-->[cz.adaptech.android:tesseract4android:2.1.0] AndroidManifest.xml:11:22-78
33    <uses-permission android:name="android.permission.READ_EXTERNAL_STORAGE" />
33-->[cz.adaptech.android:tesseract4android:2.1.0] AndroidManifest.xml:12:5-80
33-->[cz.adaptech.android:tesseract4android:2.1.0] AndroidManifest.xml:12:22-77
34    <uses-permission android:name="android.permission.RECEIVE_BOOT_COMPLETED" />
34-->[androidx.work:work-runtime:2.7.0] AndroidManifest.xml:27:5-81
34-->[androidx.work:work-runtime:2.7.0] AndroidManifest.xml:27:22-78
35    <uses-permission android:name="android.permission.FOREGROUND_SERVICE" />
35-->[androidx.work:work-runtime:2.7.0] AndroidManifest.xml:28:5-77
35-->[androidx.work:work-runtime:2.7.0] AndroidManifest.xml:28:22-74
36
37    <application
37-->src/main/AndroidManifest.xml:18:5-54:19
38        android:name="org.newlogic.smartscanner.SmartScannerApplication"
38-->src/main/AndroidManifest.xml:19:9-48
39        android:allowBackup="true"
39-->src/main/AndroidManifest.xml:20:9-35
40        android:appComponentFactory="androidx.core.app.CoreComponentFactory"
40-->[androidx.core:core:1.6.0] AndroidManifest.xml:24:18-86
41        android:debuggable="true"
41-->src/main/AndroidManifest.xml:27:9-34
42        android:hardwareAccelerated="true"
42-->src/main/AndroidManifest.xml:23:9-43
43        android:icon="@mipmap/ic_launcher"
43-->src/main/AndroidManifest.xml:21:9-43
44        android:label="@string/app_name"
44-->src/main/AndroidManifest.xml:22:9-41
45        android:roundIcon="@mipmap/ic_launcher_round"
45-->src/main/AndroidManifest.xml:24:9-54
46        android:supportsRtl="true"
46-->src/main/AndroidManifest.xml:25:9-35
47        android:testOnly="true"
48        android:theme="@style/AppTheme" >
48-->src/main/AndroidManifest.xml:26:9-40
49        <activity
49-->src/main/AndroidManifest.xml:29:9-38:20
50            android:name="org.newlogic.smartscanner.MainActivity"
50-->src/main/AndroidManifest.xml:30:13-40
51            android:configChanges="orientation|keyboardHidden"
51-->src/main/AndroidManifest.xml:32:13-63
52            android:exported="true"
52-->src/main/AndroidManifest.xml:31:13-36
53            android:screenOrientation="nosensor" >
53-->src/main/AndroidManifest.xml:33:13-49
54            <intent-filter>
54-->src/main/AndroidManifest.xml:34:13-37:29
55                <action android:name="android.intent.action.MAIN" />
55-->src/main/AndroidManifest.xml:35:17-69
55-->src/main/AndroidManifest.xml:35:25-66
56
57                <category android:name="android.intent.category.LAUNCHER" />
57-->src/main/AndroidManifest.xml:36:17-77
57-->src/main/AndroidManifest.xml:36:27-74
58            </intent-filter>
59        </activity>
60        <activity
60-->src/main/AndroidManifest.xml:39:9-43:52
61            android:name="org.newlogic.smartscanner.result.ResultActivity"
61-->src/main/AndroidManifest.xml:40:13-50
62            android:configChanges="orientation|keyboardHidden"
62-->src/main/AndroidManifest.xml:42:13-63
63            android:exported="true"
63-->src/main/AndroidManifest.xml:41:13-36
64            android:screenOrientation="nosensor" />
64-->src/main/AndroidManifest.xml:43:13-49
65        <activity
65-->src/main/AndroidManifest.xml:44:9-48:52
66            android:name="org.newlogic.smartscanner.result.IDPassResultActivity"
66-->src/main/AndroidManifest.xml:45:13-56
67            android:configChanges="orientation|keyboardHidden"
67-->src/main/AndroidManifest.xml:47:13-63
68            android:exported="true"
68-->src/main/AndroidManifest.xml:46:13-36
69            android:screenOrientation="nosensor" />
69-->src/main/AndroidManifest.xml:48:13-49
70        <activity
70-->src/main/AndroidManifest.xml:49:9-53:52
71            android:name="org.newlogic.smartscanner.settings.SettingsActivity"
71-->src/main/AndroidManifest.xml:50:13-54
72            android:configChanges="orientation|keyboardHidden"
72-->src/main/AndroidManifest.xml:52:13-63
73            android:exported="true"
73-->src/main/AndroidManifest.xml:51:13-36
74            android:screenOrientation="nosensor" />
74-->src/main/AndroidManifest.xml:53:13-49
75
76        <meta-data
76-->[:core-lib] AndroidManifest.xml:32:9-34:94
77            android:name="io.sentry.dsn"
77-->[:core-lib] AndroidManifest.xml:33:13-41
78            android:value="https://90ebf03b06534e01a21f82c1b2e86ae2@sentry.newlogic.dev/4" />
78-->[:core-lib] AndroidManifest.xml:34:13-91
79        <meta-data
79-->[:core-lib] AndroidManifest.xml:35:9-37:36
80            android:name="io.sentry.debug"
80-->[:core-lib] AndroidManifest.xml:36:13-43
81            android:value="true" />
81-->[:core-lib] AndroidManifest.xml:37:13-33
82
83        <activity
83-->[:core-lib] AndroidManifest.xml:39:9-63:20
84            android:name="org.idpass.smartscanner.lib.SmartScannerActivity"
84-->[:core-lib] AndroidManifest.xml:40:13-76
85            android:configChanges="screenSize|screenLayout|smallestScreenSize|keyboardHidden"
85-->[:core-lib] AndroidManifest.xml:41:13-94
86            android:exported="true"
86-->[:core-lib] AndroidManifest.xml:42:13-36
87            android:keepScreenOn="true"
87-->[:core-lib] AndroidManifest.xml:43:13-40
88            android:resizeableActivity="false"
88-->[:core-lib] AndroidManifest.xml:44:13-47
89            android:screenOrientation="nosensor" >
89-->[:core-lib] AndroidManifest.xml:45:13-49
90            <intent-filter>
90-->[:core-lib] AndroidManifest.xml:46:13-62:29
91
92                <!-- Bundle intent -->
93                <action android:name="org.idpass.smartscanner.BARCODE_SCAN" />
93-->[:core-lib] AndroidManifest.xml:49:17-79
93-->[:core-lib] AndroidManifest.xml:49:25-76
94                <action android:name="org.idpass.smartscanner.IDPASS_LITE_SCAN" />
94-->[:core-lib] AndroidManifest.xml:50:17-83
94-->[:core-lib] AndroidManifest.xml:50:25-80
95                <action android:name="org.idpass.smartscanner.MRZ_SCAN" />
95-->[:core-lib] AndroidManifest.xml:51:17-75
95-->[:core-lib] AndroidManifest.xml:51:25-72
96                <action android:name="org.idpass.smartscanner.NFC_SCAN" />
96-->[:core-lib] AndroidManifest.xml:52:17-75
96-->[:core-lib] AndroidManifest.xml:52:25-72
97                <action android:name="org.idpass.smartscanner.QRCODE_SCAN" />
97-->[:core-lib] AndroidManifest.xml:53:17-78
97-->[:core-lib] AndroidManifest.xml:53:25-75
98                <!-- ODK bundle intent -->
99                <action android:name="org.idpass.smartscanner.odk.BARCODE_SCAN" />
99-->[:core-lib] AndroidManifest.xml:55:17-83
99-->[:core-lib] AndroidManifest.xml:55:25-80
100                <action android:name="org.idpass.smartscanner.odk.IDPASS_LITE_SCAN" />
100-->[:core-lib] AndroidManifest.xml:56:17-87
100-->[:core-lib] AndroidManifest.xml:56:25-84
101                <action android:name="org.idpass.smartscanner.odk.MRZ_SCAN" />
101-->[:core-lib] AndroidManifest.xml:57:17-79
101-->[:core-lib] AndroidManifest.xml:57:25-76
102                <action android:name="org.idpass.smartscanner.odk.NFC_SCAN" />
102-->[:core-lib] AndroidManifest.xml:58:17-79
102-->[:core-lib] AndroidManifest.xml:58:25-76
103                <action android:name="org.idpass.smartscanner.odk.QRCODE_SCAN" />
103-->[:core-lib] AndroidManifest.xml:59:17-82
103-->[:core-lib] AndroidManifest.xml:59:25-79
104
105                <category android:name="android.intent.category.DEFAULT" />
105-->[:core-lib] AndroidManifest.xml:61:17-76
105-->[:core-lib] AndroidManifest.xml:61:27-73
106            </intent-filter>
107        </activity>
108        <activity
108-->[:core-lib] AndroidManifest.xml:64:9-68:52
109            android:name="org.idpass.smartscanner.lib.nfc.NFCActivity"
109-->[:core-lib] AndroidManifest.xml:65:13-71
110            android:keepScreenOn="true"
110-->[:core-lib] AndroidManifest.xml:66:13-40
111            android:launchMode="singleInstance"
111-->[:core-lib] AndroidManifest.xml:67:13-48
112            android:screenOrientation="nosensor" />
112-->[:core-lib] AndroidManifest.xml:68:13-49
113
114        <service
114-->[com.google.firebase:firebase-crashlytics-ktx:17.3.0] AndroidManifest.xml:24:9-30:19
115            android:name="com.google.firebase.components.ComponentDiscoveryService"
115-->[com.google.firebase:firebase-crashlytics-ktx:17.3.0] AndroidManifest.xml:25:13-84
116            android:directBootAware="true"
116-->[com.google.firebase:firebase-common:19.4.0] AndroidManifest.xml:35:13-43
117            android:exported="false" >
117-->[com.google.firebase:firebase-crashlytics-ktx:17.3.0] AndroidManifest.xml:26:13-37
118            <meta-data
118-->[com.google.firebase:firebase-crashlytics-ktx:17.3.0] AndroidManifest.xml:27:13-29:85
119                android:name="com.google.firebase.components:com.google.firebase.crashlytics.ktx.FirebaseCrashlyticsKtxRegistrar"
119-->[com.google.firebase:firebase-crashlytics-ktx:17.3.0] AndroidManifest.xml:28:17-130
120                android:value="com.google.firebase.components.ComponentRegistrar" />
120-->[com.google.firebase:firebase-crashlytics-ktx:17.3.0] AndroidManifest.xml:29:17-82
121            <meta-data
121-->[com.google.firebase:firebase-crashlytics:17.3.0] AndroidManifest.xml:18:13-20:85
122                android:name="com.google.firebase.components:com.google.firebase.crashlytics.CrashlyticsRegistrar"
122-->[com.google.firebase:firebase-crashlytics:17.3.0] AndroidManifest.xml:19:17-115
123                android:value="com.google.firebase.components.ComponentRegistrar" />
123-->[com.google.firebase:firebase-crashlytics:17.3.0] AndroidManifest.xml:20:17-82
124            <meta-data
124-->[com.google.firebase:firebase-analytics-ktx:18.0.1] AndroidManifest.xml:11:13-13:85
125                android:name="com.google.firebase.components:com.google.firebase.analytics.ktx.FirebaseAnalyticsKtxRegistrar"
125-->[com.google.firebase:firebase-analytics-ktx:18.0.1] AndroidManifest.xml:12:17-126
126                android:value="com.google.firebase.components.ComponentRegistrar" />
126-->[com.google.firebase:firebase-analytics-ktx:18.0.1] AndroidManifest.xml:13:17-82
127            <meta-data
127-->[com.google.firebase:firebase-common-ktx:19.4.0] AndroidManifest.xml:15:13-17:85
128                android:name="com.google.firebase.components:com.google.firebase.ktx.FirebaseCommonKtxRegistrar"
128-->[com.google.firebase:firebase-common-ktx:19.4.0] AndroidManifest.xml:16:17-113
129                android:value="com.google.firebase.components.ComponentRegistrar" />
129-->[com.google.firebase:firebase-common-ktx:19.4.0] AndroidManifest.xml:17:17-82
130            <meta-data
130-->[com.google.android.gms:play-services-measurement-api:18.0.1] AndroidManifest.xml:30:13-32:85
131                android:name="com.google.firebase.components:com.google.firebase.analytics.connector.internal.AnalyticsConnectorRegistrar"
131-->[com.google.android.gms:play-services-measurement-api:18.0.1] AndroidManifest.xml:31:17-139
132                android:value="com.google.firebase.components.ComponentRegistrar" />
132-->[com.google.android.gms:play-services-measurement-api:18.0.1] AndroidManifest.xml:32:17-82
133            <meta-data
133-->[com.google.firebase:firebase-installations:16.3.4] AndroidManifest.xml:18:13-20:85
134                android:name="com.google.firebase.components:com.google.firebase.installations.FirebaseInstallationsRegistrar"
134-->[com.google.firebase:firebase-installations:16.3.4] AndroidManifest.xml:19:17-127
135                android:value="com.google.firebase.components.ComponentRegistrar" />
135-->[com.google.firebase:firebase-installations:16.3.4] AndroidManifest.xml:20:17-82
136        </service> <!-- 'android:authorities' must be unique in the device, across all apps -->
137        <provider
137-->[io.sentry:sentry-android-core:5.0.1] AndroidManifest.xml:14:9-17:40
138            android:name="io.sentry.android.core.SentryInitProvider"
138-->[io.sentry:sentry-android-core:5.0.1] AndroidManifest.xml:15:13-69
139            android:authorities="org.newlogic.smartscanner.SentryInitProvider"
139-->[io.sentry:sentry-android-core:5.0.1] AndroidManifest.xml:16:13-70
140            android:exported="false" />
140-->[io.sentry:sentry-android-core:5.0.1] AndroidManifest.xml:17:13-37
141        <provider
141-->[com.google.firebase:firebase-common:19.4.0] AndroidManifest.xml:26:9-31:39
142            android:name="com.google.firebase.provider.FirebaseInitProvider"
142-->[com.google.firebase:firebase-common:19.4.0] AndroidManifest.xml:27:13-77
143            android:authorities="org.newlogic.smartscanner.firebaseinitprovider"
143-->[com.google.firebase:firebase-common:19.4.0] AndroidManifest.xml:28:13-72
144            android:directBootAware="true"
144-->[com.google.firebase:firebase-common:19.4.0] AndroidManifest.xml:29:13-43
145            android:exported="false"
145-->[com.google.firebase:firebase-common:19.4.0] AndroidManifest.xml:30:13-37
146            android:initOrder="100" />
146-->[com.google.firebase:firebase-common:19.4.0] AndroidManifest.xml:31:13-36
147
148        <receiver
148-->[com.google.android.gms:play-services-measurement:18.0.1] AndroidManifest.xml:29:9-33:20
149            android:name="com.google.android.gms.measurement.AppMeasurementReceiver"
149-->[com.google.android.gms:play-services-measurement:18.0.1] AndroidManifest.xml:30:13-85
150            android:enabled="true"
150-->[com.google.android.gms:play-services-measurement:18.0.1] AndroidManifest.xml:31:13-35
151            android:exported="false" >
151-->[com.google.android.gms:play-services-measurement:18.0.1] AndroidManifest.xml:32:13-37
152        </receiver>
153
154        <service
154-->[com.google.android.gms:play-services-measurement:18.0.1] AndroidManifest.xml:35:9-38:40
155            android:name="com.google.android.gms.measurement.AppMeasurementService"
155-->[com.google.android.gms:play-services-measurement:18.0.1] AndroidManifest.xml:36:13-84
156            android:enabled="true"
156-->[com.google.android.gms:play-services-measurement:18.0.1] AndroidManifest.xml:37:13-35
157            android:exported="false" />
157-->[com.google.android.gms:play-services-measurement:18.0.1] AndroidManifest.xml:38:13-37
158        <service
158-->[com.google.android.gms:play-services-measurement:18.0.1] AndroidManifest.xml:39:9-43:72
159            android:name="com.google.android.gms.measurement.AppMeasurementJobService"
159-->[com.google.android.gms:play-services-measurement:18.0.1] AndroidManifest.xml:40:13-87
160            android:enabled="true"
160-->[com.google.android.gms:play-services-measurement:18.0.1] AndroidManifest.xml:41:13-35
161            android:exported="false"
161-->[com.google.android.gms:play-services-measurement:18.0.1] AndroidManifest.xml:42:13-37
162            android:permission="android.permission.BIND_JOB_SERVICE" />
162-->[com.google.android.gms:play-services-measurement:18.0.1] AndroidManifest.xml:43:13-69
163        <service
163-->[com.google.android.gms:play-services-mlkit-barcode-scanning:18.0.0] AndroidManifest.xml:9:9-15:19
164            android:name="com.google.mlkit.common.internal.MlKitComponentDiscoveryService"
164-->[com.google.android.gms:play-services-mlkit-barcode-scanning:18.0.0] AndroidManifest.xml:10:13-91
165            android:directBootAware="true"
165-->[com.google.mlkit:common:18.0.0] AndroidManifest.xml:17:13-43
166            android:exported="false" >
166-->[com.google.android.gms:play-services-mlkit-barcode-scanning:18.0.0] AndroidManifest.xml:11:13-37
167            <meta-data
167-->[com.google.android.gms:play-services-mlkit-barcode-scanning:18.0.0] AndroidManifest.xml:12:13-14:85
168                android:name="com.google.firebase.components:com.google.mlkit.vision.barcode.internal.BarcodeRegistrar"
168-->[com.google.android.gms:play-services-mlkit-barcode-scanning:18.0.0] AndroidManifest.xml:13:17-120
169                android:value="com.google.firebase.components.ComponentRegistrar" />
169-->[com.google.android.gms:play-services-mlkit-barcode-scanning:18.0.0] AndroidManifest.xml:14:17-82
170            <meta-data
170-->[com.google.android.gms:play-services-mlkit-text-recognition-common:17.0.0] AndroidManifest.xml:12:13-14:85
171                android:name="com.google.firebase.components:com.google.mlkit.vision.text.internal.TextRegistrar"
171-->[com.google.android.gms:play-services-mlkit-text-recognition-common:17.0.0] AndroidManifest.xml:13:17-114
172                android:value="com.google.firebase.components.ComponentRegistrar" />
172-->[com.google.android.gms:play-services-mlkit-text-recognition-common:17.0.0] AndroidManifest.xml:14:17-82
173            <meta-data
173-->[com.google.mlkit:vision-common:17.0.0] AndroidManifest.xml:12:13-14:85
174                android:name="com.google.firebase.components:com.google.mlkit.vision.common.internal.VisionCommonRegistrar"
174-->[com.google.mlkit:vision-common:17.0.0] AndroidManifest.xml:13:17-124
175                android:value="com.google.firebase.components.ComponentRegistrar" />
175-->[com.google.mlkit:vision-common:17.0.0] AndroidManifest.xml:14:17-82
176            <meta-data
176-->[com.google.mlkit:common:18.0.0] AndroidManifest.xml:20:13-22:85
177                android:name="com.google.firebase.components:com.google.mlkit.common.internal.CommonComponentRegistrar"
177-->[com.google.mlkit:common:18.0.0] AndroidManifest.xml:21:17-120
178                android:value="com.google.firebase.components.ComponentRegistrar" />
178-->[com.google.mlkit:common:18.0.0] AndroidManifest.xml:22:17-82
179        </service>
180
181        <provider
181-->[com.google.mlkit:common:18.0.0] AndroidManifest.xml:9:9-13:38
182            android:name="com.google.mlkit.common.internal.MlKitInitProvider"
182-->[com.google.mlkit:common:18.0.0] AndroidManifest.xml:10:13-78
183            android:authorities="org.newlogic.smartscanner.mlkitinitprovider"
183-->[com.google.mlkit:common:18.0.0] AndroidManifest.xml:11:13-69
184            android:exported="false"
184-->[com.google.mlkit:common:18.0.0] AndroidManifest.xml:12:13-37
185            android:initOrder="99" />
185-->[com.google.mlkit:common:18.0.0] AndroidManifest.xml:13:13-35
186
187        <activity
187-->[com.google.android.gms:play-services-base:18.0.1] AndroidManifest.xml:20:9-22:45
188            android:name="com.google.android.gms.common.api.GoogleApiActivity"
188-->[com.google.android.gms:play-services-base:18.0.1] AndroidManifest.xml:20:19-85
189            android:exported="false"
189-->[com.google.android.gms:play-services-base:18.0.1] AndroidManifest.xml:22:19-43
190            android:theme="@android:style/Theme.Translucent.NoTitleBar" />
190-->[com.google.android.gms:play-services-base:18.0.1] AndroidManifest.xml:21:19-78
191
192        <meta-data
192-->[com.google.android.gms:play-services-basement:18.0.0] AndroidManifest.xml:21:9-23:69
193            android:name="com.google.android.gms.version"
193-->[com.google.android.gms:play-services-basement:18.0.0] AndroidManifest.xml:22:13-58
194            android:value="@integer/google_play_services_version" />
194-->[com.google.android.gms:play-services-basement:18.0.0] AndroidManifest.xml:23:13-66
195
196        <service
196-->[com.google.android.datatransport:transport-backend-cct:2.3.3] AndroidManifest.xml:29:9-35:19
197            android:name="com.google.android.datatransport.runtime.backends.TransportBackendDiscovery"
197-->[com.google.android.datatransport:transport-backend-cct:2.3.3] AndroidManifest.xml:30:13-103
198            android:exported="false" >
198-->[com.google.android.datatransport:transport-backend-cct:2.3.3] AndroidManifest.xml:31:13-37
199            <meta-data
199-->[com.google.android.datatransport:transport-backend-cct:2.3.3] AndroidManifest.xml:32:13-34:39
200                android:name="backend:com.google.android.datatransport.cct.CctBackendFactory"
200-->[com.google.android.datatransport:transport-backend-cct:2.3.3] AndroidManifest.xml:33:17-94
201                android:value="cct" />
201-->[com.google.android.datatransport:transport-backend-cct:2.3.3] AndroidManifest.xml:34:17-36
202        </service>
203        <service
203-->[com.google.android.datatransport:transport-runtime:2.2.6] AndroidManifest.xml:26:9-30:19
204            android:name="com.google.android.datatransport.runtime.scheduling.jobscheduling.JobInfoSchedulerService"
204-->[com.google.android.datatransport:transport-runtime:2.2.6] AndroidManifest.xml:27:13-117
205            android:exported="false"
205-->[com.google.android.datatransport:transport-runtime:2.2.6] AndroidManifest.xml:28:13-37
206            android:permission="android.permission.BIND_JOB_SERVICE" >
206-->[com.google.android.datatransport:transport-runtime:2.2.6] AndroidManifest.xml:29:13-69
207        </service>
208
209        <receiver
209-->[com.google.android.datatransport:transport-runtime:2.2.6] AndroidManifest.xml:32:9-34:40
210            android:name="com.google.android.datatransport.runtime.scheduling.jobscheduling.AlarmManagerSchedulerBroadcastReceiver"
210-->[com.google.android.datatransport:transport-runtime:2.2.6] AndroidManifest.xml:33:13-132
211            android:exported="false" />
211-->[com.google.android.datatransport:transport-runtime:2.2.6] AndroidManifest.xml:34:13-37
212
213        <provider
213-->[androidx.work:work-runtime:2.7.0] AndroidManifest.xml:31:9-39:20
214            android:name="androidx.startup.InitializationProvider"
214-->[androidx.work:work-runtime:2.7.0] AndroidManifest.xml:32:13-67
215            android:authorities="org.newlogic.smartscanner.androidx-startup"
215-->[androidx.work:work-runtime:2.7.0] AndroidManifest.xml:33:13-68
216            android:exported="false" >
216-->[androidx.work:work-runtime:2.7.0] AndroidManifest.xml:34:13-37
217            <meta-data
217-->[androidx.work:work-runtime:2.7.0] AndroidManifest.xml:36:13-38:52
218                android:name="androidx.work.WorkManagerInitializer"
218-->[androidx.work:work-runtime:2.7.0] AndroidManifest.xml:37:17-68
219                android:value="androidx.startup" />
219-->[androidx.work:work-runtime:2.7.0] AndroidManifest.xml:38:17-49
220        </provider>
221
222        <service
222-->[androidx.work:work-runtime:2.7.0] AndroidManifest.xml:41:9-46:35
223            android:name="androidx.work.impl.background.systemalarm.SystemAlarmService"
223-->[androidx.work:work-runtime:2.7.0] AndroidManifest.xml:42:13-88
224            android:directBootAware="false"
224-->[androidx.work:work-runtime:2.7.0] AndroidManifest.xml:43:13-44
225            android:enabled="@bool/enable_system_alarm_service_default"
225-->[androidx.work:work-runtime:2.7.0] AndroidManifest.xml:44:13-72
226            android:exported="false" />
226-->[androidx.work:work-runtime:2.7.0] AndroidManifest.xml:45:13-37
227        <service
227-->[androidx.work:work-runtime:2.7.0] AndroidManifest.xml:47:9-53:35
228            android:name="androidx.work.impl.background.systemjob.SystemJobService"
228-->[androidx.work:work-runtime:2.7.0] AndroidManifest.xml:48:13-84
229            android:directBootAware="false"
229-->[androidx.work:work-runtime:2.7.0] AndroidManifest.xml:49:13-44
230            android:enabled="@bool/enable_system_job_service_default"
230-->[androidx.work:work-runtime:2.7.0] AndroidManifest.xml:50:13-70
231            android:exported="true"
231-->[androidx.work:work-runtime:2.7.0] AndroidManifest.xml:51:13-36
232            android:permission="android.permission.BIND_JOB_SERVICE" />
232-->[androidx.work:work-runtime:2.7.0] AndroidManifest.xml:52:13-69
233        <service
233-->[androidx.work:work-runtime:2.7.0] AndroidManifest.xml:54:9-59:35
234            android:name="androidx.work.impl.foreground.SystemForegroundService"
234-->[androidx.work:work-runtime:2.7.0] AndroidManifest.xml:55:13-81
235            android:directBootAware="false"
235-->[androidx.work:work-runtime:2.7.0] AndroidManifest.xml:56:13-44
236            android:enabled="@bool/enable_system_foreground_service_default"
236-->[androidx.work:work-runtime:2.7.0] AndroidManifest.xml:57:13-77
237            android:exported="false" />
237-->[androidx.work:work-runtime:2.7.0] AndroidManifest.xml:58:13-37
238
239        <receiver
239-->[androidx.work:work-runtime:2.7.0] AndroidManifest.xml:61:9-66:35
240            android:name="androidx.work.impl.utils.ForceStopRunnable$BroadcastReceiver"
240-->[androidx.work:work-runtime:2.7.0] AndroidManifest.xml:62:13-88
241            android:directBootAware="false"
241-->[androidx.work:work-runtime:2.7.0] AndroidManifest.xml:63:13-44
242            android:enabled="true"
242-->[androidx.work:work-runtime:2.7.0] AndroidManifest.xml:64:13-35
243            android:exported="false" />
243-->[androidx.work:work-runtime:2.7.0] AndroidManifest.xml:65:13-37
244        <receiver
244-->[androidx.work:work-runtime:2.7.0] AndroidManifest.xml:67:9-77:20
245            android:name="androidx.work.impl.background.systemalarm.ConstraintProxy$BatteryChargingProxy"
245-->[androidx.work:work-runtime:2.7.0] AndroidManifest.xml:68:13-106
246            android:directBootAware="false"
246-->[androidx.work:work-runtime:2.7.0] AndroidManifest.xml:69:13-44
247            android:enabled="false"
247-->[androidx.work:work-runtime:2.7.0] AndroidManifest.xml:70:13-36
248            android:exported="false" >
248-->[androidx.work:work-runtime:2.7.0] AndroidManifest.xml:71:13-37
249            <intent-filter>
249-->[androidx.work:work-runtime:2.7.0] AndroidManifest.xml:73:13-76:29
250                <action android:name="android.intent.action.ACTION_POWER_CONNECTED" />
250-->[androidx.work:work-runtime:2.7.0] AndroidManifest.xml:74:17-87
250-->[androidx.work:work-runtime:2.7.0] AndroidManifest.xml:74:25-84
251                <action android:name="android.intent.action.ACTION_POWER_DISCONNECTED" />
251-->[androidx.work:work-runtime:2.7.0] AndroidManifest.xml:75:17-90
251-->[androidx.work:work-runtime:2.7.0] AndroidManifest.xml:75:25-87
252            </intent-filter>
253        </receiver>
254        <receiver
254-->[androidx.work:work-runtime:2.7.0] AndroidManifest.xml:78:9-88:20
255            android:name="androidx.work.impl.background.systemalarm.ConstraintProxy$BatteryNotLowProxy"
255-->[androidx.work:work-runtime:2.7.0] AndroidManifest.xml:79:13-104
256            android:directBootAware="false"
256-->[androidx.work:work-runtime:2.7.0] AndroidManifest.xml:80:13-44
257            android:enabled="false"
257-->[androidx.work:work-runtime:2.7.0] AndroidManifest.xml:81:13-36
258            android:exported="false" >
258-->[androidx.work:work-runtime:2.7.0] AndroidManifest.xml:82:13-37
259            <intent-filter>
259-->[androidx.work:work-runtime:2.7.0] AndroidManifest.xml:84:13-87:29
260                <action android:name="android.intent.action.BATTERY_OKAY" />
260-->[androidx.work:work-runtime:2.7.0] AndroidManifest.xml:85:17-77
260-->[androidx.work:work-runtime:2.7.0] AndroidManifest.xml:85:25-74
261                <action android:name="android.intent.action.BATTERY_LOW" />
261-->[androidx.work:work-runtime:2.7.0] AndroidManifest.xml:86:17-76
261-->[androidx.work:work-runtime:2.7.0] AndroidManifest.xml:86:25-73
262            </intent-filter>
263        </receiver>
264        <receiver
264-->[androidx.work:work-runtime:2.7.0] AndroidManifest.xml:89:9-99:20